<?xml version="1.0" encoding="UTF-8"?>
<testsuite xmlns:xsi="http://www.w3.org/2001/XMLSchema-instance" xsi:noNamespaceSchemaLocation="https://maven.apache.org/surefire/maven-surefire-plugin/xsd/surefire-test-report-3.0.xsd" version="3.0" name="com.example.ilhafit.controller.AuthControllerTest" time="7.323" tests="2" errors="0" skipped="0" failures="0">
  <properties>
[...]
</properties>
  <testcase name="deveFalharLoginComSenhaIncorreta" classname="com.example.ilhafit.controller.AuthControllerTest" time="1.135">
    <system-out><![CDATA[21:09:12.136 [main] INFO org.springframework.test.context.support.AnnotationConfigContextLoaderUtils -- Could not detect default configuration classes for test class [com.example.ilhafit.controller.AuthControllerTest]: AuthControllerTest does not declare any static, non-private, non-final, nested classes annotated with @Configuration.
21:09:12.278 [main] INFO org.springframework.boot.test.context.SpringBootTestContextBootstrapper -- Found @SpringBootConfiguration com.example.ilhafit.BackendApplication for test class com.example.ilhafit.controller.AuthControllerTest

  .   ____          _            __ _ _
 /\\ / ___'_ __ _ _(_)_ __  __ _ \ \ \ \
( ( )\___ | '_ | '_| | '_ \/ _` | \ \ \ \
 \\/  ___)| |_)| | | | | || (_| |  ) ) ) )
  '  |____| .__|_| |_|_| |_\__, | / / / /
 =========|_|==============|___/=/_/_/_/
 :: Spring Boot ::                (v3.2.0)

2026-02-10T21:09:12.726-03:00  INFO 7244 --- [backend] [           main] c.e.i.controller.AuthControllerTest      : Starting AuthControllerTest using Java 21.0.7 with PID 7244 (started by santo in C:\Users\santo\OneDrive\Documentos\Faculdade\tcs-fit-teste\backend)
2026-02-10T21:09:12.726-03:00  INFO 7244 --- [backend] [           main] c.e.i.controller.AuthControllerTest      : The following 1 profile is active: "test"
2026-02-10T21:09:13.660-03:00  INFO 7244 --- [backend] [           main] .s.d.r.c.RepositoryConfigurationDelegate : Bootstrapping Spring Data JPA repositories in DEFAULT mode.
2026-02-10T21:09:13.749-03:00  INFO 7244 --- [backend] [           main] .s.d.r.c.RepositoryConfigurationDelegate : Finished Spring Data repository scanning in 76 ms. Found 4 JPA repository interfaces.
2026-02-10T21:09:14.382-03:00  INFO 7244 --- [backend] [           main] o.hibernate.jpa.internal.util.LogHelper  : HHH000204: Processing PersistenceUnitInfo [name: default]
2026-02-10T21:09:14.481-03:00  INFO 7244 --- [backend] [           main] org.hibernate.Version                    : HHH000412: Hibernate ORM core version 6.3.1.Final
2026-02-10T21:09:14.535-03:00  INFO 7244 --- [backend] [           main] o.h.c.internal.RegionFactoryInitiator    : HHH000026: Second-level cache disabled
2026-02-10T21:09:14.921-03:00  INFO 7244 --- [backend] [           main] o.s.o.j.p.SpringPersistenceUnitInfo      : No LoadTimeWeaver setup: ignoring JPA class transformer
2026-02-10T21:09:14.954-03:00  INFO 7244 --- [backend] [           main] com.zaxxer.hikari.HikariDataSource       : HikariPool-1 - Starting...
2026-02-10T21:09:15.157-03:00  INFO 7244 --- [backend] [           main] com.zaxxer.hikari.pool.HikariPool        : HikariPool-1 - Added connection conn0: url=jdbc:h2:mem:testdb user=SA
2026-02-10T21:09:15.159-03:00  INFO 7244 --- [backend] [           main] com.zaxxer.hikari.HikariDataSource       : HikariPool-1 - Start completed.
2026-02-10T21:09:15.184-03:00  WARN 7244 --- [backend] [           main] org.hibernate.orm.deprecation            : HHH90000025: H2Dialect does not need to be specified explicitly using 'hibernate.dialect' (remove the property setting and it will be selected by default)
2026-02-10T21:09:16.110-03:00  INFO 7244 --- [backend] [           main] o.h.e.t.j.p.i.JtaPlatformInitiator       : HHH000489: No JTA platform available (set 'hibernate.transaction.jta.platform' to enable JTA platform integration)
Hibernate: 
    drop table if exists administradores cascade 
Hibernate: 
    drop table if exists estabelecimento_atividades cascade 
Hibernate: 
    drop table if exists estabelecimentos cascade 
Hibernate: 
    drop table if exists profissionais cascade 
Hibernate: 
    drop table if exists profissional_atividades cascade 
Hibernate: 
    drop table if exists usuarios cascade 
Hibernate: 
    create table administradores (
        id bigint generated by default as identity,
        email varchar(255) not null unique,
        nome varchar(255) not null,
        role VARCHAR(50) not null check (role in ('USER','ESTABELECIMENTO','ADMIN','PROFISSIONAL')),
        senha varchar(255) not null,
        primary key (id)
    )
Hibernate: 
    create table estabelecimento_atividades (
        estabelecimento_id bigint not null,
        atividade varchar(255)
    )
Hibernate: 
    create table estabelecimentos (
        exclusivo_mulheres boolean,
        data_cadastro timestamp(6) not null,
        id bigint generated by default as identity,
        bairro varchar(255),
        cep varchar(255),
        cidade varchar(255),
        cnpj varchar(255) not null unique,
        complemento varchar(255),
        email varchar(255) not null unique,
        estado varchar(255),
        foto_url varchar(255),
        nome varchar(255) not null,
        nome_fantasia varchar(255),
        numero varchar(255),
        razao_social varchar(255),
        role VARCHAR(50) not null check (role in ('USER','ESTABELECIMENTO','ADMIN','PROFISSIONAL')),
        rua varchar(255),
        senha varchar(255) not null,
        telefone varchar(255) not null,
        primary key (id)
    )
Hibernate: 
    create table profissionais (
        exclusivo_mulheres boolean,
        data_cadastro timestamp(6) not null,
        id bigint generated by default as identity,
        especializacao varchar(500),
        bairro varchar(255),
        cep varchar(255),
        cidade varchar(255),
        complemento varchar(255),
        cpf varchar(255) not null unique,
        email varchar(255) not null unique,
        estado varchar(255),
        foto_url varchar(255),
        nome varchar(255) not null,
        numero varchar(255),
        registro_cref varchar(255),
        role VARCHAR(50) not null check (role in ('USER','ESTABELECIMENTO','ADMIN','PROFISSIONAL')),
        rua varchar(255),
        senha varchar(255) not null,
        telefone varchar(255) not null,
        primary key (id)
    )
Hibernate: 
    create table profissional_atividades (
        profissional_id bigint not null,
        atividade varchar(255)
    )
Hibernate: 
    create table usuarios (
        data_cadastro timestamp(6) not null,
        id bigint generated by default as identity,
        cpf varchar(255) unique,
        email varchar(255) not null unique,
        nome varchar(255) not null,
        role VARCHAR(50) not null check (role in ('USER','ESTABELECIMENTO','ADMIN','PROFISSIONAL')),
        senha varchar(255) not null,
        primary key (id)
    )
Hibernate: 
    alter table if exists estabelecimento_atividades 
       add constraint FK816nx4pikdgf6wcbxqps9mylw 
       foreign key (estabelecimento_id) 
       references estabelecimentos
Hibernate: 
    alter table if exists profissional_atividades 
       add constraint FKqs1bflw66o2p2sxcfk23gxai6 
       foreign key (profissional_id) 
       references profissionais
2026-02-10T21:09:16.182-03:00  INFO 7244 --- [backend] [           main] j.LocalContainerEntityManagerFactoryBean : Initialized JPA EntityManagerFactory for persistence unit 'default'
2026-02-10T21:09:17.049-03:00  WARN 7244 --- [backend] [           main] JpaBaseConfiguration$JpaWebConfiguration : spring.jpa.open-in-view is enabled by default. Therefore, database queries may be performed during view rendering. Explicitly configure spring.jpa.open-in-view to disable this warning
2026-02-10T21:09:17.512-03:00  INFO 7244 --- [backend] [           main] o.s.s.web.DefaultSecurityFilterChain     : Will secure any request with [org.springframework.security.web.session.DisableEncodeUrlFilter@5dfc7b3f, org.springframework.security.web.context.request.async.WebAsyncManagerIntegrationFilter@1b641c97, org.springframework.security.web.context.SecurityContextHolderFilter@6bca6c4c, org.springframework.security.web.header.HeaderWriterFilter@33293b34, org.springframework.web.filter.CorsFilter@7f065f9e, org.springframework.security.web.authentication.logout.LogoutFilter@449f9628, com.example.ilhafit.security.JwtAuthenticationFilter@3e3a07ab, org.springframework.security.web.savedrequest.RequestCacheAwareFilter@5dcec8e9, org.springframework.security.web.servletapi.SecurityContextHolderAwareRequestFilter@4bc49d70, org.springframework.security.web.authentication.AnonymousAuthenticationFilter@106c3e0a, org.springframework.security.web.session.SessionManagementFilter@4b8ba6b7, org.springframework.security.web.access.ExceptionTranslationFilter@700596f9, org.springframework.security.web.access.intercept.AuthorizationFilter@1e8b0ab5]
2026-02-10T21:09:17.886-03:00  INFO 7244 --- [backend] [           main] o.s.b.t.m.w.SpringBootMockServletContext : Initializing Spring TestDispatcherServlet ''
2026-02-10T21:09:17.886-03:00  INFO 7244 --- [backend] [           main] o.s.t.web.servlet.TestDispatcherServlet  : Initializing Servlet ''
2026-02-10T21:09:17.887-03:00  INFO 7244 --- [backend] [           main] o.s.t.web.servlet.TestDispatcherServlet  : Completed initialization in 1 ms
2026-02-10T21:09:17.902-03:00  INFO 7244 --- [backend] [           main] c.e.i.controller.AuthControllerTest      : Started AuthControllerTest in 5.457 seconds (process running for 6.628)
2026-02-10T21:09:18.442-03:00 DEBUG 7244 --- [backend] [           main] o.s.security.web.FilterChainProxy        : Securing POST /api/usuarios/registrar
2026-02-10T21:09:18.449-03:00 DEBUG 7244 --- [backend] [           main] o.s.s.w.a.AnonymousAuthenticationFilter  : Set SecurityContextHolder to anonymous SecurityContext
2026-02-10T21:09:18.449-03:00 DEBUG 7244 --- [backend] [           main] o.s.security.web.FilterChainProxy        : Secured POST /api/usuarios/registrar
Hibernate: 
    select
        u1_0.id 
    from
        usuarios u1_0 
    where
        u1_0.email=? 
    fetch
        first ? rows only
Hibernate: 
    insert 
    into
        usuarios
        (cpf, data_cadastro, email, nome, role, senha, id) 
    values
        (?, ?, ?, ?, ?, ?, default)
2026-02-10T21:09:18.862-03:00 DEBUG 7244 --- [backend] [           main] o.s.security.web.FilterChainProxy        : Securing POST /api/autenticacao/login
2026-02-10T21:09:18.863-03:00 DEBUG 7244 --- [backend] [           main] o.s.s.w.a.AnonymousAuthenticationFilter  : Set SecurityContextHolder to anonymous SecurityContext
2026-02-10T21:09:18.864-03:00 DEBUG 7244 --- [backend] [           main] o.s.security.web.FilterChainProxy        : Secured POST /api/autenticacao/login
Hibernate: 
    select
        u1_0.id,
        u1_0.cpf,
        u1_0.data_cadastro,
        u1_0.email,
        u1_0.nome,
        u1_0.role,
        u1_0.senha 
    from
        usuarios u1_0 
    where
        u1_0.email=?
2026-02-10T21:09:19.031-03:00 DEBUG 7244 --- [backend] [           main] o.s.s.a.dao.DaoAuthenticationProvider    : Failed to authenticate since password does not match stored value
]]></system-out>
    <system-err><![CDATA[WARNING: A Java agent has been loaded dynamically (C:\Users\santo\.m2\repository\net\bytebuddy\byte-buddy-agent\1.14.10\byte-buddy-agent-1.14.10.jar)
WARNING: If a serviceability tool is in use, please run with -XX:+EnableDynamicAgentLoading to hide this warning
WARNING: If a serviceability tool is not in use, please run with -Djdk.instrument.traceUsage for more information
WARNING: Dynamic loading of agents will be disallowed by default in a future release
]]></system-err>
  </testcase>
  <testcase name="deveRegistrarELogarUsuarioComSucesso" classname="com.example.ilhafit.controller.AuthControllerTest" time="0.225">
    <system-out><![CDATA[2026-02-10T21:09:19.057-03:00 DEBUG 7244 --- [backend] [           main] o.s.security.web.FilterChainProxy        : Securing POST /api/usuarios/registrar
2026-02-10T21:09:19.057-03:00 DEBUG 7244 --- [backend] [           main] o.s.s.w.a.AnonymousAuthenticationFilter  : Set SecurityContextHolder to anonymous SecurityContext
2026-02-10T21:09:19.057-03:00 DEBUG 7244 --- [backend] [           main] o.s.security.web.FilterChainProxy        : Secured POST /api/usuarios/registrar
Hibernate: 
    select
        u1_0.id 
    from
        usuarios u1_0 
    where
        u1_0.email=? 
    fetch
        first ? rows only
Hibernate: 
    insert 
    into
        usuarios
        (cpf, data_cadastro, email, nome, role, senha, id) 
    values
        (?, ?, ?, ?, ?, ?, default)
2026-02-10T21:09:19.178-03:00 DEBUG 7244 --- [backend] [           main] o.s.security.web.FilterChainProxy        : Securing POST /api/autenticacao/login
2026-02-10T21:09:19.178-03:00 DEBUG 7244 --- [backend] [           main] o.s.s.w.a.AnonymousAuthenticationFilter  : Set SecurityContextHolder to anonymous SecurityContext
2026-02-10T21:09:19.178-03:00 DEBUG 7244 --- [backend] [           main] o.s.security.web.FilterChainProxy        : Secured POST /api/autenticacao/login
Hibernate: 
    select
        u1_0.id,
        u1_0.cpf,
        u1_0.data_cadastro,
        u1_0.email,
        u1_0.nome,
        u1_0.role,
        u1_0.senha 
    from
        usuarios u1_0 
    where
        u1_0.email=?
2026-02-10T21:09:19.245-03:00 DEBUG 7244 --- [backend] [           main] o.s.s.a.dao.DaoAuthenticationProvider    : Authenticated user
]]></system-out>
  </testcase>
</testsuite>