<?xml version="1.0" encoding="UTF-8"?>
<testsuite xmlns:xsi="http://www.w3.org/2001/XMLSchema-instance" xsi:noNamespaceSchemaLocation="https://maven.apache.org/surefire/maven-surefire-plugin/xsd/surefire-test-report-3.0.xsd" version="3.0" name="com.example.ilhafit.controller.AuthControllerTest" time="3.151" tests="2" errors="0" skipped="0" failures="2">
  <properties>
[...]
</properties>
  <testcase name="deveFalharLoginComSenhaIncorreta" classname="com.example.ilhafit.controller.AuthControllerTest" time="0.589">
    <failure message="Status expected:&lt;201&gt; but was:&lt;400&gt;" type="java.lang.AssertionError"><![CDATA[java.lang.AssertionError: Status expected:<201> but was:<400>
	at org.springframework.test.util.AssertionErrors.fail(AssertionErrors.java:59)
	at org.springframework.test.util.AssertionErrors.assertEquals(AssertionErrors.java:122)
	at org.springframework.test.web.servlet.result.StatusResultMatchers.lambda$matcher$9(StatusResultMatchers.java:637)
	at org.springframework.test.web.servlet.MockMvc$1.andExpect(MockMvc.java:214)
	at com.example.ilhafit.controller.AuthControllerTest.deveFalharLoginComSenhaIncorreta(AuthControllerTest.java:73)
	at java.base/java.lang.reflect.Method.invoke(Method.java:580)
	at java.base/java.util.ArrayList.forEach(ArrayList.java:1596)
	at java.base/java.util.ArrayList.forEach(ArrayList.java:1596)
]]></failure>
    <system-out><![CDATA[2026-03-31T11:45:42.416-03:00  INFO 81333 --- [backend] [           main] t.c.s.AnnotationConfigContextLoaderUtils : Could not detect default configuration classes for test class [com.example.ilhafit.controller.AuthControllerTest]: AuthControllerTest does not declare any static, non-private, non-final, nested classes annotated with @Configuration.
2026-03-31T11:45:42.436-03:00  INFO 81333 --- [backend] [           main] .b.t.c.SpringBootTestContextBootstrapper : Found @SpringBootConfiguration com.example.ilhafit.BackendApplication for test class com.example.ilhafit.controller.AuthControllerTest

  .   ____          _            __ _ _
 /\\ / ___'_ __ _ _(_)_ __  __ _ \ \ \ \
( ( )\___ | '_ | '_| | '_ \/ _` | \ \ \ \
 \\/  ___)| |_)| | | | | || (_| |  ) ) ) )
  '  |____| .__|_| |_|_| |_\__, | / / / /
 =========|_|==============|___/=/_/_/_/
 :: Spring Boot ::                (v3.2.0)

2026-03-31T11:45:42.474-03:00  INFO 81333 --- [backend] [           main] c.e.i.controller.AuthControllerTest      : Starting AuthControllerTest using Java 21.0.10 with PID 81333 (started by oem in /home/oem/Projetos/tcs/projeto/tcsilhafit-test/backend)
2026-03-31T11:45:42.475-03:00  INFO 81333 --- [backend] [           main] c.e.i.controller.AuthControllerTest      : The following 1 profile is active: "test"
2026-03-31T11:45:42.703-03:00  INFO 81333 --- [backend] [           main] .s.d.r.c.RepositoryConfigurationDelegate : Bootstrapping Spring Data JPA repositories in DEFAULT mode.
2026-03-31T11:45:42.716-03:00  INFO 81333 --- [backend] [           main] .s.d.r.c.RepositoryConfigurationDelegate : Finished Spring Data repository scanning in 12 ms. Found 10 JPA repository interfaces.
2026-03-31T11:45:42.872-03:00  INFO 81333 --- [backend] [           main] o.hibernate.jpa.internal.util.LogHelper  : HHH000204: Processing PersistenceUnitInfo [name: default]
2026-03-31T11:45:42.875-03:00  INFO 81333 --- [backend] [           main] o.h.c.internal.RegionFactoryInitiator    : HHH000026: Second-level cache disabled
2026-03-31T11:45:42.877-03:00  INFO 81333 --- [backend] [           main] o.s.o.j.p.SpringPersistenceUnitInfo      : No LoadTimeWeaver setup: ignoring JPA class transformer
2026-03-31T11:45:42.878-03:00  INFO 81333 --- [backend] [           main] com.zaxxer.hikari.HikariDataSource       : HikariPool-2 - Starting...
2026-03-31T11:45:43.029-03:00  INFO 81333 --- [backend] [           main] com.zaxxer.hikari.pool.HikariPool        : HikariPool-2 - Added connection conn0: url=jdbc:h2:mem:testdb user=SA
2026-03-31T11:45:43.031-03:00  INFO 81333 --- [backend] [           main] com.zaxxer.hikari.HikariDataSource       : HikariPool-2 - Start completed.
2026-03-31T11:45:43.041-03:00  WARN 81333 --- [backend] [           main] org.hibernate.orm.deprecation            : HHH90000025: H2Dialect does not need to be specified explicitly using 'hibernate.dialect' (remove the property setting and it will be selected by default)
2026-03-31T11:45:43.237-03:00  INFO 81333 --- [backend] [           main] o.h.e.t.j.p.i.JtaPlatformInitiator       : HHH000489: No JTA platform available (set 'hibernate.transaction.jta.platform' to enable JTA platform integration)
Hibernate: 
    drop table if exists administradores cascade 
Hibernate: 
    drop table if exists avaliacoes cascade 
Hibernate: 
    drop table if exists categorias cascade 
Hibernate: 
    drop table if exists denuncias cascade 
Hibernate: 
    drop table if exists estabelecimento_categorias cascade 
Hibernate: 
    drop table if exists estabelecimento_fotos cascade 
Hibernate: 
    drop table if exists estabelecimentos cascade 
Hibernate: 
    drop table if exists grade_atividade_dias cascade 
Hibernate: 
    drop table if exists grade_atividade_periodos cascade 
Hibernate: 
    drop table if exists grade_atividades cascade 
Hibernate: 
    drop table if exists password_reset_token cascade 
Hibernate: 
    drop table if exists profissionais cascade 
Hibernate: 
    drop table if exists profissional_categorias cascade 
Hibernate: 
    drop table if exists usuarios cascade 
Hibernate: 
    drop table if exists verification_token cascade 
Hibernate: 
    create table administradores (
        id bigint generated by default as identity,
        email varchar(255) not null unique,
        nome varchar(255) not null,
        role VARCHAR(50) not null check (role in ('USER','ESTABELECIMENTO','ADMIN','PROFISSIONAL')),
        senha varchar(255) not null,
        primary key (id)
    )
Hibernate: 
    create table avaliacoes (
        nota integer not null,
        data_avaliacao timestamp(6) not null,
        estabelecimento_id bigint,
        id bigint generated by default as identity,
        profissional_id bigint,
        usuario_id bigint not null,
        comentario TEXT,
        primary key (id)
    )
Hibernate: 
    create table categorias (
        id bigint generated by default as identity,
        descricao varchar(500),
        icone_url varchar(255),
        nome varchar(255) not null unique,
        primary key (id)
    )
Hibernate: 
    create table denuncias (
        avaliacao_id bigint not null,
        data_denuncia timestamp(6) not null,
        id bigint generated by default as identity,
        denunciante_email varchar(255) not null,
        descricao_adicional TEXT,
        motivo varchar(255) not null check (motivo in ('PRECONCEITO','LINGUAGEM_OFENSIVA','SPAM','INFORMACAO_FALSA','OUTROS')),
        status varchar(255) not null check (status in ('PENDENTE','REVISADO','IGNORADO')),
        primary key (id),
        unique (avaliacao_id, denunciante_email)
    )
Hibernate: 
    create table estabelecimento_categorias (
        categoria_id bigint not null,
        estabelecimento_id bigint not null
    )
Hibernate: 
    create table estabelecimento_fotos (
        estabelecimento_id bigint not null,
        foto_url TEXT
    )
Hibernate: 
    create table estabelecimentos (
        exclusivo_mulheres boolean,
        latitude float(53),
        longitude float(53),
        data_cadastro timestamp(6) not null,
        id bigint generated by default as identity,
        bairro varchar(255),
        cep varchar(255),
        cidade varchar(255),
        cnpj varchar(255) not null unique,
        complemento varchar(255),
        email varchar(255) not null unique,
        estado varchar(255),
        facebook varchar(255),
        instagram varchar(255),
        nome varchar(255) not null,
        nome_fantasia varchar(255),
        numero varchar(255),
        outros_atividade varchar(255),
        razao_social varchar(255),
        role VARCHAR(50) not null check (role in ('USER','ESTABELECIMENTO','ADMIN','PROFISSIONAL')),
        rua varchar(255),
        senha varchar(255) not null,
        telefone varchar(255) not null,
        website varchar(255),
        primary key (id)
    )
Hibernate: 
    create table grade_atividade_dias (
        grade_id bigint not null,
        dia_semana varchar(255)
    )
Hibernate: 
    create table grade_atividade_periodos (
        grade_id bigint not null,
        periodo varchar(255)
    )
Hibernate: 
    create table grade_atividades (
        exclusivo_mulheres boolean,
        estabelecimento_id bigint,
        id bigint generated by default as identity,
        profissional_id bigint,
        atividade varchar(255),
        primary key (id)
    )
Hibernate: 
    create table password_reset_token (
        expiry_date timestamp(6),
        id bigint generated by default as identity,
        usuario_id bigint unique,
        email varchar(255),
        token varchar(255),
        primary key (id)
    )
Hibernate: 
    create table profissionais (
        exclusivo_mulheres boolean,
        latitude float(53),
        longitude float(53),
        data_cadastro timestamp(6) not null,
        id bigint generated by default as identity,
        especializacao varchar(500),
        bairro varchar(255),
        cep varchar(255),
        cidade varchar(255),
        complemento varchar(255),
        cpf varchar(255) not null unique,
        email varchar(255) not null unique,
        estado varchar(255),
        facebook varchar(255),
        foto_url TEXT,
        instagram varchar(255),
        nome varchar(255) not null,
        numero varchar(255),
        outros_atividade varchar(255),
        registro_cref varchar(255),
        role VARCHAR(50) not null check (role in ('USER','ESTABELECIMENTO','ADMIN','PROFISSIONAL')),
        rua varchar(255),
        senha varchar(255) not null,
        sexo varchar(255),
        telefone varchar(255) not null,
        website varchar(255),
        primary key (id)
    )
Hibernate: 
    create table profissional_categorias (
        categoria_id bigint not null,
        profissional_id bigint not null
    )
Hibernate: 
    create table usuarios (
        data_cadastro timestamp(6) not null,
        id bigint generated by default as identity,
        cpf varchar(255) unique,
        email varchar(255) not null unique,
        nome varchar(255) not null,
        role VARCHAR(50) not null check (role in ('USER','ESTABELECIMENTO','ADMIN','PROFISSIONAL')),
        senha varchar(255) not null,
        primary key (id)
    )
Hibernate: 
    create table verification_token (
        expiry_date timestamp(6),
        id bigint generated by default as identity,
        email varchar(255),
        token varchar(255),
        primary key (id)
    )
Hibernate: 
    alter table if exists avaliacoes 
       add constraint FKss4928rp8e299uvvhaf2yaxon 
       foreign key (usuario_id) 
       references usuarios
Hibernate: 
    alter table if exists avaliacoes 
       add constraint FKoq2k16n7kx44e00l3ge5fe2o8 
       foreign key (estabelecimento_id) 
       references estabelecimentos
Hibernate: 
    alter table if exists avaliacoes 
       add constraint FKmwaucb1wqlaywetgmy80g2am0 
       foreign key (profissional_id) 
       references profissionais
Hibernate: 
    alter table if exists denuncias 
       add constraint FKh2xxhqxllyn2gb2w03lwd0dgx 
       foreign key (avaliacao_id) 
       references avaliacoes
Hibernate: 
    alter table if exists estabelecimento_categorias 
       add constraint FKs2w2k37qswyhdv214r1b3j16m 
       foreign key (categoria_id) 
       references categorias
Hibernate: 
    alter table if exists estabelecimento_categorias 
       add constraint FKrfkbmyvwek57bjdl1t0uh65iq 
       foreign key (estabelecimento_id) 
       references estabelecimentos
Hibernate: 
    alter table if exists estabelecimento_fotos 
       add constraint FKa93360xc1cyf9svwm3nue5x6l 
       foreign key (estabelecimento_id) 
       references estabelecimentos
Hibernate: 
    alter table if exists grade_atividade_dias 
       add constraint FKsa58fmhdlseckp5xf2t7pjldy 
       foreign key (grade_id) 
       references grade_atividades
Hibernate: 
    alter table if exists grade_atividade_periodos 
       add constraint FKhi7d4uat8vdqg9u8juisigykb 
       foreign key (grade_id) 
       references grade_atividades
Hibernate: 
    alter table if exists grade_atividades 
       add constraint FK42qpstu6o26h1268qns6gjn1u 
       foreign key (profissional_id) 
       references profissionais
Hibernate: 
    alter table if exists grade_atividades 
       add constraint FKo3wmo24ogljs5vyb8crjf5cu7 
       foreign key (estabelecimento_id) 
       references estabelecimentos
Hibernate: 
    alter table if exists password_reset_token 
       add constraint FKo8eq9ly8dv6gy4bpqppfhh72t 
       foreign key (usuario_id) 
       references usuarios
Hibernate: 
    alter table if exists profissional_categorias 
       add constraint FK3wa8pr02kdp430uluhfgmxxca 
       foreign key (categoria_id) 
       references categorias
Hibernate: 
    alter table if exists profissional_categorias 
       add constraint FKahvufqd5whk3tk757a3s5fk66 
       foreign key (profissional_id) 
       references profissionais
2026-03-31T11:45:43.330-03:00  INFO 81333 --- [backend] [           main] j.LocalContainerEntityManagerFactoryBean : Initialized JPA EntityManagerFactory for persistence unit 'default'
2026-03-31T11:45:44.304-03:00  WARN 81333 --- [backend] [           main] JpaBaseConfiguration$JpaWebConfiguration : spring.jpa.open-in-view is enabled by default. Therefore, database queries may be performed during view rendering. Explicitly configure spring.jpa.open-in-view to disable this warning
2026-03-31T11:45:44.632-03:00  INFO 81333 --- [backend] [           main] o.s.s.web.DefaultSecurityFilterChain     : Will secure any request with [org.springframework.security.web.session.DisableEncodeUrlFilter@7fb539df, org.springframework.security.web.context.request.async.WebAsyncManagerIntegrationFilter@2c3d46d6, org.springframework.security.web.context.SecurityContextHolderFilter@43baf0b9, org.springframework.security.web.header.HeaderWriterFilter@7d91e9c9, org.springframework.web.filter.CorsFilter@127c5f20, org.springframework.security.web.authentication.logout.LogoutFilter@aad7ade, com.example.ilhafit.security.JwtAuthenticationFilter@3b75b7b4, org.springframework.security.web.savedrequest.RequestCacheAwareFilter@ebd4486, org.springframework.security.web.servletapi.SecurityContextHolderAwareRequestFilter@69c413f7, org.springframework.security.web.authentication.AnonymousAuthenticationFilter@417c9b17, org.springframework.security.web.session.SessionManagementFilter@577e2b91, org.springframework.security.web.access.ExceptionTranslationFilter@1ad28f2, org.springframework.security.web.access.intercept.AuthorizationFilter@5b810b54]
2026-03-31T11:45:44.921-03:00  INFO 81333 --- [backend] [           main] o.s.b.t.m.w.SpringBootMockServletContext : Initializing Spring TestDispatcherServlet ''
2026-03-31T11:45:44.921-03:00  INFO 81333 --- [backend] [           main] o.s.t.web.servlet.TestDispatcherServlet  : Initializing Servlet ''
2026-03-31T11:45:44.922-03:00  INFO 81333 --- [backend] [           main] o.s.t.web.servlet.TestDispatcherServlet  : Completed initialization in 0 ms
2026-03-31T11:45:44.937-03:00  INFO 81333 --- [backend] [           main] c.e.i.controller.AuthControllerTest      : Started AuthControllerTest in 2.496 seconds (process running for 8.604)
2026-03-31T11:45:45.417-03:00 DEBUG 81333 --- [backend] [           main] o.s.security.web.FilterChainProxy        : Securing POST /api/usuarios/registrar
2026-03-31T11:45:45.422-03:00 DEBUG 81333 --- [backend] [           main] o.s.s.w.a.AnonymousAuthenticationFilter  : Set SecurityContextHolder to anonymous SecurityContext
2026-03-31T11:45:45.424-03:00 DEBUG 81333 --- [backend] [           main] o.s.security.web.FilterChainProxy        : Secured POST /api/usuarios/registrar

MockHttpServletRequest:
      HTTP Method = POST
      Request URI = /api/usuarios/registrar
       Parameters = {}
          Headers = [Content-Type:"application/json;charset=UTF-8", Content-Length:"88"]
             Body = {"nome":"Teste Falha","email":"teste.falha@example.com","senha":"senhaCerta","cpf":null}
    Session Attrs = {}

Handler:
             Type = com.example.ilhafit.controller.UsuarioController
           Method = com.example.ilhafit.controller.UsuarioController#registrar(Registro)

Async:
    Async started = false
     Async result = null

Resolved Exception:
             Type = null

ModelAndView:
        View name = null
             View = null
            Model = null

FlashMap:
       Attributes = null

MockHttpServletResponse:
           Status = 400
    Error message = null
          Headers = [Vary:"Origin", "Access-Control-Request-Method", "Access-Control-Request-Headers", Content-Type:"application/json", X-Content-Type-Options:"nosniff", X-XSS-Protection:"0", Cache-Control:"no-cache, no-store, max-age=0, must-revalidate", Pragma:"no-cache", Expires:"0", X-Frame-Options:"DENY"]
     Content type = application/json
             Body = {"erro":"Senha deve conter pelo menos um número"}
    Forwarded URL = null
   Redirected URL = null
          Cookies = []
]]></system-out>
    <system-err><![CDATA[WARNING: A Java agent has been loaded dynamically (/home/oem/.m2/repository/net/bytebuddy/byte-buddy-agent/1.14.10/byte-buddy-agent-1.14.10.jar)
WARNING: If a serviceability tool is in use, please run with -XX:+EnableDynamicAgentLoading to hide this warning
WARNING: If a serviceability tool is not in use, please run with -Djdk.instrument.traceUsage for more information
WARNING: Dynamic loading of agents will be disallowed by default in a future release
]]></system-err>
  </testcase>
  <testcase name="deveRegistrarELogarUsuarioComSucesso" classname="com.example.ilhafit.controller.AuthControllerTest" time="0.02">
    <failure message="Status expected:&lt;201&gt; but was:&lt;400&gt;" type="java.lang.AssertionError"><![CDATA[java.lang.AssertionError: Status expected:<201> but was:<400>
	at org.springframework.test.util.AssertionErrors.fail(AssertionErrors.java:59)
	at org.springframework.test.util.AssertionErrors.assertEquals(AssertionErrors.java:122)
	at org.springframework.test.web.servlet.result.StatusResultMatchers.lambda$matcher$9(StatusResultMatchers.java:637)
	at org.springframework.test.web.servlet.MockMvc$1.andExpect(MockMvc.java:214)
	at com.example.ilhafit.controller.AuthControllerTest.deveRegistrarELogarUsuarioComSucesso(AuthControllerTest.java:47)
	at java.base/java.lang.reflect.Method.invoke(Method.java:580)
	at java.base/java.util.ArrayList.forEach(ArrayList.java:1596)
	at java.base/java.util.ArrayList.forEach(ArrayList.java:1596)
]]></failure>
    <system-out><![CDATA[2026-03-31T11:45:45.557-03:00 DEBUG 81333 --- [backend] [           main] o.s.security.web.FilterChainProxy        : Securing POST /api/usuarios/registrar
2026-03-31T11:45:45.557-03:00 DEBUG 81333 --- [backend] [           main] o.s.s.w.a.AnonymousAuthenticationFilter  : Set SecurityContextHolder to anonymous SecurityContext
2026-03-31T11:45:45.557-03:00 DEBUG 81333 --- [backend] [           main] o.s.security.web.FilterChainProxy        : Secured POST /api/usuarios/registrar

MockHttpServletRequest:
      HTTP Method = POST
      Request URI = /api/usuarios/registrar
       Parameters = {}
          Headers = [Content-Type:"application/json;charset=UTF-8", Content-Length:"100"]
             Body = {"nome":"Teste Segurança","email":"teste.seguranca@example.com","senha":"senhaForte123","cpf":null}
    Session Attrs = {}

Handler:
             Type = com.example.ilhafit.controller.UsuarioController
           Method = com.example.ilhafit.controller.UsuarioController#registrar(Registro)

Async:
    Async started = false
     Async result = null

Resolved Exception:
             Type = null

ModelAndView:
        View name = null
             View = null
            Model = null

FlashMap:
       Attributes = null

MockHttpServletResponse:
           Status = 400
    Error message = null
          Headers = [Vary:"Origin", "Access-Control-Request-Method", "Access-Control-Request-Headers", Content-Type:"application/json", X-Content-Type-Options:"nosniff", X-XSS-Protection:"0", Cache-Control:"no-cache, no-store, max-age=0, must-revalidate", Pragma:"no-cache", Expires:"0", X-Frame-Options:"DENY"]
     Content type = application/json
             Body = {"erro":"Senha deve conter pelo menos um caractere especial (@$!%*?&)"}
    Forwarded URL = null
   Redirected URL = null
          Cookies = []
]]></system-out>
  </testcase>
</testsuite>